<?xml version="1.0" encoding="UTF-8"?>
<!-- Generated by org.testng.reporters.JUnitReportReporter -->
<testsuite hostname="DESKTOP-MMML6LS" failures="0" tests="3" name="TestsGuru.TestGuru" time="7.726" errors="0" timestamp="2024-03-11T22:57:13 IST" skipped="0">
  <testcase classname="TestsGuru.TestGuru" name="Edit_Customer" time="3.365"/>
  <testcase classname="TestsGuru.TestGuru" name="New_Customer" time="2.217"/>
  <testcase classname="TestsGuru.TestGuru" name="Delete_Customer" time="2.144"/>
</testsuite> <!-- TestsGuru.TestGuru -->
