<?xml version="1.0" encoding="UTF-8"?>
<!-- Generated by org.testng.reporters.JUnitReportReporter -->
<testsuite hostname="DESKTOP-MMML6LS" failures="0" tests="3" name="TestsGuru.TestGuru" time="8.098" errors="0" timestamp="2024-04-03T16:41:11 IST" skipped="0">
  <testcase classname="TestsGuru.TestGuru" name="Edit_Customer" time="3.268"/>
  <testcase classname="TestsGuru.TestGuru" name="Delete_Customer" time="2.398"/>
  <testcase classname="TestsGuru.TestGuru" name="New_Customer" time="2.432"/>
</testsuite> <!-- TestsGuru.TestGuru -->
